# JRE version: Java(TM) SE Runtime Environment (21.0.2+13) (build 21.0.2+13-LTS-58)
# Java VM: Java HotSpot(TM) 64-Bit Server VM (21.0.2+13-LTS-58, mixed mode, sharing, tiered, compressed oops, compressed class ptrs, g1 gc, windows-amd64)
GC Precious Log:
 CardTable entry size: 512
 Card Set container configuration: InlinePtr #cards 5 size 8 Array Of Cards #cards 12 size 40 Howl #buckets 4 coarsen threshold 1843 Howl Bitmap #cards 512 size 80 coarsen threshold 460 Card regions per heap region 1 cards per card region 2048
 CPUs: 8 total, 8 available
 Memory: 7886M
 Large Page Support: Disabled
 NUMA Support: Disabled
 Compressed Oops: Enabled (32-bit)
 Heap Region Size: 1M
 Heap Min Capacity: 8M
 Heap Initial Capacity: 124M
 Heap Max Capacity: 1972M
 Pre-touch: Disabled
 Parallel Workers: 8
 Concurrent Workers: 2
 Concurrent Refinement Workers: 8
 Periodic GC: Disabled
Heap:
 garbage-first heap   total 188416K, used 43639K [0x0000000084c00000, 0x0000000100000000)
  region size 1024K, 3 young (3072K), 3 survivors (3072K)
 Metaspace       used 89715K, committed 90752K, reserved 1179648K
  class space    used 11003K, committed 11520K, reserved 1048576K
GC Heap History (20 events):
Event: 262399.511 GC heap after
{Heap after GC invocations=389 (full 1):
 garbage-first heap   total 96256K, used 37437K [0x0000000084c00000, 0x0000000100000000)
  region size 1024K, 3 young (3072K), 3 survivors (3072K)
 Metaspace       used 87904K, committed 88896K, reserved 1179648K
  class space    used 10849K, committed 11328K, reserved 1048576K
}
Event: 262399.678 GC heap before
{Heap before GC invocations=389 (full 1):
 garbage-first heap   total 96256K, used 40509K [0x0000000084c00000, 0x0000000100000000)
  region size 1024K, 6 young (6144K), 3 survivors (3072K)
 Metaspace       used 87904K, committed 88896K, reserved 1179648K
  class space    used 10849K, committed 11328K, reserved 1048576K
}
Event: 262399.724 GC heap after
{Heap after GC invocations=390 (full 1):
 garbage-first heap   total 96256K, used 36718K [0x0000000084c00000, 0x0000000100000000)
  region size 1024K, 1 young (1024K), 1 survivors (1024K)
 Metaspace       used 87904K, committed 88896K, reserved 1179648K
  class space    used 10849K, committed 11328K, reserved 1048576K
}
Event: 262401.782 GC heap before
{Heap before GC invocations=390 (full 1):
 garbage-first heap   total 96256K, used 53102K [0x0000000084c00000, 0x0000000100000000)
  region size 1024K, 17 young (17408K), 1 survivors (1024K)
 Metaspace       used 88092K, committed 89088K, reserved 1179648K
  class space    used 10863K, committed 11328K, reserved 1048576K
}
Event: 262401.888 GC heap after
{Heap after GC invocations=391 (full 1):
 garbage-first heap   total 188416K, used 37317K [0x0000000084c00000, 0x0000000100000000)
  region size 1024K, 2 young (2048K), 2 survivors (2048K)
 Metaspace       used 88092K, committed 89088K, reserved 1179648K
  class space    used 10863K, committed 11328K, reserved 1048576K
}
Event: 262499.208 GC heap before
{Heap before GC invocations=391 (full 1):
 garbage-first heap   total 188416K, used 120261K [0x0000000084c00000, 0x0000000100000000)
  region size 1024K, 83 young (84992K), 2 survivors (2048K)
 Metaspace       used 88107K, committed 89088K, reserved 1179648K
  class space    used 10863K, committed 11328K, reserved 1048576K
}
Event: 262499.333 GC heap after
{Heap after GC invocations=392 (full 1):
 garbage-first heap   total 188416K, used 37663K [0x0000000084c00000, 0x0000000100000000)
  region size 1024K, 3 young (3072K), 3 survivors (3072K)
 Metaspace       used 88107K, committed 89088K, reserved 1179648K
  class space    used 10863K, committed 11328K, reserved 1048576K
}
Event: 262612.240 GC heap before
{Heap before GC invocations=393 (full 1):
 garbage-first heap   total 137216K, used 116511K [0x0000000084c00000, 0x0000000100000000)
  region size 1024K, 80 young (81920K), 3 survivors (3072K)
 Metaspace       used 88107K, committed 89088K, reserved 1179648K
  class space    used 10863K, committed 11328K, reserved 1048576K
}
Event: 262612.344 GC heap after
{Heap after GC invocations=394 (full 1):
 garbage-first heap   total 137216K, used 37475K [0x0000000084c00000, 0x0000000100000000)
  region size 1024K, 2 young (2048K), 2 survivors (2048K)
 Metaspace       used 88107K, committed 89088K, reserved 1179648K
  class space    used 10863K, committed 11328K, reserved 1048576K
}
Event: 262621.793 GC heap before
{Heap before GC invocations=394 (full 1):
 garbage-first heap   total 137216K, used 44643K [0x0000000084c00000, 0x0000000100000000)
  region size 1024K, 9 young (9216K), 2 survivors (2048K)
 Metaspace       used 88107K, committed 89088K, reserved 1179648K
  class space    used 10863K, committed 11328K, reserved 1048576K
}
Event: 262621.816 GC heap after
{Heap after GC invocations=395 (full 1):
 garbage-first heap   total 137216K, used 37433K [0x0000000084c00000, 0x0000000100000000)
  region size 1024K, 1 young (1024K), 1 survivors (1024K)
 Metaspace       used 88107K, committed 89088K, reserved 1179648K
  class space    used 10863K, committed 11328K, reserved 1048576K
}
Event: 262649.453 GC heap before
{Heap before GC invocations=395 (full 1):
 garbage-first heap   total 137216K, used 98873K [0x0000000084c00000, 0x0000000100000000)
  region size 1024K, 62 young (63488K), 1 survivors (1024K)
 Metaspace       used 88478K, committed 89472K, reserved 1179648K
  class space    used 10897K, committed 11392K, reserved 1048576K
}
Event: 262649.499 GC heap after
{Heap after GC invocations=396 (full 1):
 garbage-first heap   total 137216K, used 40363K [0x0000000084c00000, 0x0000000100000000)
  region size 1024K, 5 young (5120K), 5 survivors (5120K)
 Metaspace       used 88478K, committed 89472K, reserved 1179648K
  class space    used 10897K, committed 11392K, reserved 1048576K
}
Event: 262698.201 GC heap before
{Heap before GC invocations=396 (full 1):
 garbage-first heap   total 137216K, used 101803K [0x0000000084c00000, 0x0000000100000000)
  region size 1024K, 66 young (67584K), 5 survivors (5120K)
 Metaspace       used 88883K, committed 89920K, reserved 1179648K
  class space    used 10939K, committed 11456K, reserved 1048576K
}
Event: 262698.218 GC heap after
{Heap after GC invocations=397 (full 1):
 garbage-first heap   total 137216K, used 37716K [0x0000000084c00000, 0x0000000100000000)
  region size 1024K, 2 young (2048K), 2 survivors (2048K)
 Metaspace       used 88883K, committed 89920K, reserved 1179648K
  class space    used 10939K, committed 11456K, reserved 1048576K
}
Event: 262736.264 GC heap before
{Heap before GC invocations=398 (full 1):
 garbage-first heap   total 133120K, used 114516K [0x0000000084c00000, 0x0000000100000000)
  region size 1024K, 78 young (79872K), 2 survivors (2048K)
 Metaspace       used 89271K, committed 90368K, reserved 1179648K
  class space    used 10974K, committed 11520K, reserved 1048576K
}
Event: 262736.304 GC heap after
{Heap after GC invocations=399 (full 1):
 garbage-first heap   total 133120K, used 41587K [0x0000000084c00000, 0x0000000100000000)
  region size 1024K, 6 young (6144K), 6 survivors (6144K)
 Metaspace       used 89271K, committed 90368K, reserved 1179648K
  class space    used 10974K, committed 11520K, reserved 1048576K
}
Event: 262736.323 GC heap before
{Heap before GC invocations=399 (full 1):
 garbage-first heap   total 133120K, used 42611K [0x0000000084c00000, 0x0000000100000000)
  region size 1024K, 7 young (7168K), 6 survivors (6144K)
 Metaspace       used 89276K, committed 90368K, reserved 1179648K
  class space    used 10974K, committed 11520K, reserved 1048576K
}
Event: 262736.387 GC heap after
{Heap after GC invocations=400 (full 1):
 garbage-first heap   total 133120K, used 42147K [0x0000000084c00000, 0x0000000100000000)
  region size 1024K, 1 young (1024K), 1 survivors (1024K)
 Metaspace       used 89276K, committed 90368K, reserved 1179648K
  class space    used 10974K, committed 11520K, reserved 1048576K
}
Event: 262739.359 GC heap before
{Heap before GC invocations=400 (full 1):
 garbage-first heap   total 133120K, used 80035K [0x0000000084c00000, 0x0000000100000000)
  region size 1024K, 39 young (39936K), 1 survivors (1024K)
 Metaspace       used 89715K, committed 90752K, reserved 1179648K
  class space    used 11003K, committed 11520K, reserved 1048576K
}

